# JRE version: Java(TM) SE Runtime Environment (18.0.2.1+1) (build 18.0.2.1+1-1)
# Java VM: Java HotSpot(TM) 64-Bit Server VM (18.0.2.1+1-1, mixed mode, sharing, tiered, compressed oops, compressed class ptrs, g1 gc, windows-amd64)
GC Precious Log:
 CardTable entry size: 512
 Card Set container configuration: InlinePtr #cards 5 size 8 Array Of Cards #cards 12 size 40 Howl #buckets 4 coarsen threshold 1843 Howl Bitmap #cards 512 size 80 coarsen threshold 460 Card regions per heap region 1 cards per card region 2048
 CPUs: 8 total, 8 available
 Memory: 8022M
 Large Page Support: Disabled
 NUMA Support: Disabled
 Compressed Oops: Enabled (32-bit)
 Heap Region Size: 1M
 Heap Min Capacity: 8M
 Heap Initial Capacity: 126M
 Heap Max Capacity: 2006M
 Pre-touch: Disabled
 Parallel Workers: 8
 Concurrent Workers: 2
 Concurrent Refinement Workers: 8
 Periodic GC: Disabled
Heap:
 garbage-first heap   total 96256K, used 48802K [0x0000000082a00000, 0x0000000100000000)
  region size 1024K, 17 young (17408K), 2 survivors (2048K)
 Metaspace       used 59849K, committed 60608K, reserved 1114112K
  class space    used 8055K, committed 8384K, reserved 1048576K
GC Heap History (20 events):
Event: 11.983 GC heap before
{Heap before GC invocations=5 (full 0):
 garbage-first heap   total 55296K, used 42524K [0x0000000082a00000, 0x0000000100000000)
  region size 1024K, 32 young (32768K), 5 survivors (5120K)
 Metaspace       used 23502K, committed 23808K, reserved 1114112K
  class space    used 2949K, committed 3072K, reserved 1048576K
}
Event: 12.011 GC heap after
{Heap after GC invocations=6 (full 0):
 garbage-first heap   total 55296K, used 16722K [0x0000000082a00000, 0x0000000100000000)
  region size 1024K, 4 young (4096K), 4 survivors (4096K)
 Metaspace       used 23502K, committed 23808K, reserved 1114112K
  class space    used 2949K, committed 3072K, reserved 1048576K
}
Event: 12.066 GC heap before
{Heap before GC invocations=6 (full 0):
 garbage-first heap   total 55296K, used 17746K [0x0000000082a00000, 0x0000000100000000)
  region size 1024K, 5 young (5120K), 4 survivors (4096K)
 Metaspace       used 23549K, committed 23872K, reserved 1114112K
  class space    used 2958K, committed 3136K, reserved 1048576K
}
Event: 12.082 GC heap after
{Heap after GC invocations=7 (full 0):
 garbage-first heap   total 55296K, used 17080K [0x0000000082a00000, 0x0000000100000000)
  region size 1024K, 1 young (1024K), 1 survivors (1024K)
 Metaspace       used 23549K, committed 23872K, reserved 1114112K
  class space    used 2958K, committed 3136K, reserved 1048576K
}
Event: 13.685 GC heap before
{Heap before GC invocations=7 (full 0):
 garbage-first heap   total 55296K, used 39608K [0x0000000082a00000, 0x0000000100000000)
  region size 1024K, 23 young (23552K), 1 survivors (1024K)
 Metaspace       used 27636K, committed 28096K, reserved 1114112K
  class space    used 3551K, committed 3776K, reserved 1048576K
}
Event: 13.697 GC heap after
{Heap after GC invocations=8 (full 0):
 garbage-first heap   total 55296K, used 18572K [0x0000000082a00000, 0x0000000100000000)
  region size 1024K, 3 young (3072K), 3 survivors (3072K)
 Metaspace       used 27636K, committed 28096K, reserved 1114112K
  class space    used 3551K, committed 3776K, reserved 1048576K
}
Event: 15.858 GC heap before
{Heap before GC invocations=8 (full 0):
 garbage-first heap   total 55296K, used 40076K [0x0000000082a00000, 0x0000000100000000)
  region size 1024K, 24 young (24576K), 3 survivors (3072K)
 Metaspace       used 32849K, committed 33408K, reserved 1114112K
  class space    used 4281K, committed 4544K, reserved 1048576K
}
Event: 15.869 GC heap after
{Heap after GC invocations=9 (full 0):
 garbage-first heap   total 55296K, used 19995K [0x0000000082a00000, 0x0000000100000000)
  region size 1024K, 2 young (2048K), 2 survivors (2048K)
 Metaspace       used 32849K, committed 33408K, reserved 1114112K
  class space    used 4281K, committed 4544K, reserved 1048576K
}
Event: 17.240 GC heap before
{Heap before GC invocations=9 (full 0):
 garbage-first heap   total 55296K, used 35355K [0x0000000082a00000, 0x0000000100000000)
  region size 1024K, 18 young (18432K), 2 survivors (2048K)
 Metaspace       used 35420K, committed 35968K, reserved 1114112K
  class space    used 4648K, committed 4928K, reserved 1048576K
}
Event: 17.252 GC heap after
{Heap after GC invocations=10 (full 0):
 garbage-first heap   total 55296K, used 20770K [0x0000000082a00000, 0x0000000100000000)
  region size 1024K, 3 young (3072K), 3 survivors (3072K)
 Metaspace       used 35420K, committed 35968K, reserved 1114112K
  class space    used 4648K, committed 4928K, reserved 1048576K
}
Event: 19.081 GC heap before
{Heap before GC invocations=11 (full 0):
 garbage-first heap   total 55296K, used 41250K [0x0000000082a00000, 0x0000000100000000)
  region size 1024K, 23 young (23552K), 3 survivors (3072K)
 Metaspace       used 37363K, committed 37888K, reserved 1114112K
  class space    used 4934K, committed 5184K, reserved 1048576K
}
Event: 19.101 GC heap after
{Heap after GC invocations=12 (full 0):
 garbage-first heap   total 55296K, used 22430K [0x0000000082a00000, 0x0000000100000000)
  region size 1024K, 3 young (3072K), 3 survivors (3072K)
 Metaspace       used 37363K, committed 37888K, reserved 1114112K
  class space    used 4934K, committed 5184K, reserved 1048576K
}
Event: 20.120 GC heap before
{Heap before GC invocations=12 (full 0):
 garbage-first heap   total 55296K, used 41886K [0x0000000082a00000, 0x0000000100000000)
  region size 1024K, 22 young (22528K), 3 survivors (3072K)
 Metaspace       used 39010K, committed 39552K, reserved 1114112K
  class space    used 5155K, committed 5376K, reserved 1048576K
}
Event: 20.135 GC heap after
{Heap after GC invocations=13 (full 0):
 garbage-first heap   total 96256K, used 24142K [0x0000000082a00000, 0x0000000100000000)
  region size 1024K, 2 young (2048K), 2 survivors (2048K)
 Metaspace       used 39010K, committed 39552K, reserved 1114112K
  class space    used 5155K, committed 5376K, reserved 1048576K
}
Event: 22.248 GC heap before
{Heap before GC invocations=13 (full 0):
 garbage-first heap   total 96256K, used 71246K [0x0000000082a00000, 0x0000000100000000)
  region size 1024K, 49 young (50176K), 2 survivors (2048K)
 Metaspace       used 46363K, committed 47040K, reserved 1114112K
  class space    used 6113K, committed 6464K, reserved 1048576K
}
Event: 22.273 GC heap after
{Heap after GC invocations=14 (full 0):
 garbage-first heap   total 96256K, used 28688K [0x0000000082a00000, 0x0000000100000000)
  region size 1024K, 7 young (7168K), 7 survivors (7168K)
 Metaspace       used 46363K, committed 47040K, reserved 1114112K
  class space    used 6113K, committed 6464K, reserved 1048576K
}
Event: 100.627 GC heap before
{Heap before GC invocations=14 (full 0):
 garbage-first heap   total 96256K, used 71696K [0x0000000082a00000, 0x0000000100000000)
  region size 1024K, 50 young (51200K), 7 survivors (7168K)
 Metaspace       used 54601K, committed 55296K, reserved 1114112K
  class space    used 7268K, committed 7616K, reserved 1048576K
}
Event: 100.665 GC heap after
{Heap after GC invocations=15 (full 0):
 garbage-first heap   total 96256K, used 32586K [0x0000000082a00000, 0x0000000100000000)
  region size 1024K, 4 young (4096K), 4 survivors (4096K)
 Metaspace       used 54601K, committed 55296K, reserved 1114112K
  class space    used 7268K, committed 7616K, reserved 1048576K
}
Event: 112.943 GC heap before
{Heap before GC invocations=15 (full 0):
 garbage-first heap   total 96256K, used 58186K [0x0000000082a00000, 0x0000000100000000)
  region size 1024K, 30 young (30720K), 4 survivors (4096K)
 Metaspace       used 59369K, committed 60096K, reserved 1114112K
  class space    used 7993K, committed 8320K, reserved 1048576K
}
Event: 112.969 GC heap after
{Heap after GC invocations=16 (full 0):
 garbage-first heap   total 96256K, used 34466K [0x0000000082a00000, 0x0000000100000000)
  region size 1024K, 2 young (2048K), 2 survivors (2048K)
 Metaspace       used 59369K, committed 60096K, reserved 1114112K
  class space    used 7993K, committed 8320K, reserved 1048576K
}

