# JRE version: Java(TM) SE Runtime Environment (18.0.2.1+1) (build 18.0.2.1+1-1)
# Java VM: Java HotSpot(TM) 64-Bit Server VM (18.0.2.1+1-1, mixed mode, sharing, tiered, compressed oops, compressed class ptrs, g1 gc, windows-amd64)
GC Precious Log:
 CardTable entry size: 512
 Card Set container configuration: InlinePtr #cards 5 size 8 Array Of Cards #cards 12 size 40 Howl #buckets 4 coarsen threshold 1843 Howl Bitmap #cards 512 size 80 coarsen threshold 460 Card regions per heap region 1 cards per card region 2048
 CPUs: 8 total, 8 available
 Memory: 8022M
 Large Page Support: Disabled
 NUMA Support: Disabled
 Compressed Oops: Enabled (32-bit)
 Heap Region Size: 1M
 Heap Min Capacity: 8M
 Heap Initial Capacity: 126M
 Heap Max Capacity: 2006M
 Pre-touch: Disabled
 Parallel Workers: 8
 Concurrent Workers: 2
 Concurrent Refinement Workers: 8
 Periodic GC: Disabled
Heap:
 garbage-first heap   total 89088K, used 58161K [0x0000000082a00000, 0x0000000100000000)
  region size 1024K, 20 young (20480K), 3 survivors (3072K)
 Metaspace       used 64263K, committed 65024K, reserved 1114112K
  class space    used 8473K, committed 8832K, reserved 1048576K
GC Heap History (20 events):
Event: 8.933 GC heap before
{Heap before GC invocations=10 (full 0):
 garbage-first heap   total 61440K, used 44054K [0x0000000082a00000, 0x0000000100000000)
  region size 1024K, 22 young (22528K), 2 survivors (2048K)
 Metaspace       used 39833K, committed 40320K, reserved 1114112K
  class space    used 5067K, committed 5312K, reserved 1048576K
}
Event: 8.945 GC heap after
{Heap after GC invocations=11 (full 0):
 garbage-first heap   total 73728K, used 26308K [0x0000000082a00000, 0x0000000100000000)
  region size 1024K, 3 young (3072K), 3 survivors (3072K)
 Metaspace       used 39833K, committed 40320K, reserved 1114112K
  class space    used 5067K, committed 5312K, reserved 1048576K
}
Event: 10.120 GC heap before
{Heap before GC invocations=11 (full 0):
 garbage-first heap   total 73728K, used 51908K [0x0000000082a00000, 0x0000000100000000)
  region size 1024K, 28 young (28672K), 3 survivors (3072K)
 Metaspace       used 43322K, committed 43840K, reserved 1114112K
  class space    used 5512K, committed 5760K, reserved 1048576K
}
Event: 10.137 GC heap after
{Heap after GC invocations=12 (full 0):
 garbage-first heap   total 73728K, used 28813K [0x0000000082a00000, 0x0000000100000000)
  region size 1024K, 4 young (4096K), 4 survivors (4096K)
 Metaspace       used 43322K, committed 43840K, reserved 1114112K
  class space    used 5512K, committed 5760K, reserved 1048576K
}
Event: 11.395 GC heap before
{Heap before GC invocations=12 (full 0):
 garbage-first heap   total 73728K, used 55437K [0x0000000082a00000, 0x0000000100000000)
  region size 1024K, 29 young (29696K), 4 survivors (4096K)
 Metaspace       used 45792K, committed 46336K, reserved 1114112K
  class space    used 5853K, committed 6144K, reserved 1048576K
}
Event: 11.406 GC heap after
{Heap after GC invocations=13 (full 0):
 garbage-first heap   total 73728K, used 30988K [0x0000000082a00000, 0x0000000100000000)
  region size 1024K, 3 young (3072K), 3 survivors (3072K)
 Metaspace       used 45792K, committed 46336K, reserved 1114112K
  class space    used 5853K, committed 6144K, reserved 1048576K
}
Event: 12.430 GC heap before
{Heap before GC invocations=13 (full 0):
 garbage-first heap   total 73728K, used 54540K [0x0000000082a00000, 0x0000000100000000)
  region size 1024K, 26 young (26624K), 3 survivors (3072K)
 Metaspace       used 47648K, committed 48256K, reserved 1114112K
  class space    used 6149K, committed 6464K, reserved 1048576K
}
Event: 12.441 GC heap after
{Heap after GC invocations=14 (full 0):
 garbage-first heap   total 73728K, used 32824K [0x0000000082a00000, 0x0000000100000000)
  region size 1024K, 4 young (4096K), 4 survivors (4096K)
 Metaspace       used 47648K, committed 48256K, reserved 1114112K
  class space    used 6149K, committed 6464K, reserved 1048576K
}
Event: 13.234 GC heap before
{Heap before GC invocations=14 (full 0):
 garbage-first heap   total 73728K, used 56376K [0x0000000082a00000, 0x0000000100000000)
  region size 1024K, 27 young (27648K), 4 survivors (4096K)
 Metaspace       used 49621K, committed 50304K, reserved 1114112K
  class space    used 6414K, committed 6720K, reserved 1048576K
}
Event: 13.243 GC heap after
{Heap after GC invocations=15 (full 0):
 garbage-first heap   total 73728K, used 34678K [0x0000000082a00000, 0x0000000100000000)
  region size 1024K, 4 young (4096K), 4 survivors (4096K)
 Metaspace       used 49621K, committed 50304K, reserved 1114112K
  class space    used 6414K, committed 6720K, reserved 1048576K
}
Event: 14.058 GC heap before
{Heap before GC invocations=15 (full 0):
 garbage-first heap   total 73728K, used 57206K [0x0000000082a00000, 0x0000000100000000)
  region size 1024K, 26 young (26624K), 4 survivors (4096K)
 Metaspace       used 50631K, committed 51328K, reserved 1114112K
  class space    used 6564K, committed 6912K, reserved 1048576K
}
Event: 14.067 GC heap after
{Heap after GC invocations=16 (full 0):
 garbage-first heap   total 73728K, used 36058K [0x0000000082a00000, 0x0000000100000000)
  region size 1024K, 4 young (4096K), 4 survivors (4096K)
 Metaspace       used 50631K, committed 51328K, reserved 1114112K
  class space    used 6564K, committed 6912K, reserved 1048576K
}
Event: 14.709 GC heap before
{Heap before GC invocations=16 (full 0):
 garbage-first heap   total 73728K, used 57562K [0x0000000082a00000, 0x0000000100000000)
  region size 1024K, 25 young (25600K), 4 survivors (4096K)
 Metaspace       used 52124K, committed 52800K, reserved 1114112K
  class space    used 6784K, committed 7104K, reserved 1048576K
}
Event: 14.719 GC heap after
{Heap after GC invocations=17 (full 0):
 garbage-first heap   total 89088K, used 37924K [0x0000000082a00000, 0x0000000100000000)
  region size 1024K, 4 young (4096K), 4 survivors (4096K)
 Metaspace       used 52124K, committed 52800K, reserved 1114112K
  class space    used 6784K, committed 7104K, reserved 1048576K
}
Event: 16.101 GC heap before
{Heap before GC invocations=18 (full 0):
 garbage-first heap   total 89088K, used 69668K [0x0000000082a00000, 0x0000000100000000)
  region size 1024K, 35 young (35840K), 4 survivors (4096K)
 Metaspace       used 54837K, committed 55552K, reserved 1114112K
  class space    used 7228K, committed 7552K, reserved 1048576K
}
Event: 16.111 GC heap after
{Heap after GC invocations=19 (full 0):
 garbage-first heap   total 89088K, used 40602K [0x0000000082a00000, 0x0000000100000000)
  region size 1024K, 5 young (5120K), 5 survivors (5120K)
 Metaspace       used 54837K, committed 55552K, reserved 1114112K
  class space    used 7228K, committed 7552K, reserved 1048576K
}
Event: 16.137 GC heap before
{Heap before GC invocations=19 (full 0):
 garbage-first heap   total 89088K, used 41626K [0x0000000082a00000, 0x0000000100000000)
  region size 1024K, 6 young (6144K), 5 survivors (5120K)
 Metaspace       used 55161K, committed 55872K, reserved 1114112K
  class space    used 7267K, committed 7616K, reserved 1048576K
}
Event: 16.144 GC heap after
{Heap after GC invocations=20 (full 0):
 garbage-first heap   total 89088K, used 41090K [0x0000000082a00000, 0x0000000100000000)
  region size 1024K, 1 young (1024K), 1 survivors (1024K)
 Metaspace       used 55161K, committed 55872K, reserved 1114112K
  class space    used 7267K, committed 7616K, reserved 1048576K
}
Event: 148.172 GC heap before
{Heap before GC invocations=20 (full 0):
 garbage-first heap   total 89088K, used 69762K [0x0000000082a00000, 0x0000000100000000)
  region size 1024K, 30 young (30720K), 1 survivors (1024K)
 Metaspace       used 60533K, committed 61312K, reserved 1114112K
  class space    used 7962K, committed 8320K, reserved 1048576K
}
Event: 148.208 GC heap after
{Heap after GC invocations=21 (full 0):
 garbage-first heap   total 89088K, used 42801K [0x0000000082a00000, 0x0000000100000000)
  region size 1024K, 3 young (3072K), 3 survivors (3072K)
 Metaspace       used 60533K, committed 61312K, reserved 1114112K
  class space    used 7962K, committed 8320K, reserved 1048576K
}

