# JRE version: Java(TM) SE Runtime Environment (18.0.2.1+1) (build 18.0.2.1+1-1)
# Java VM: Java HotSpot(TM) 64-Bit Server VM (18.0.2.1+1-1, mixed mode, sharing, tiered, compressed oops, compressed class ptrs, g1 gc, windows-amd64)
GC Precious Log:
 CardTable entry size: 512
 Card Set container configuration: InlinePtr #cards 5 size 8 Array Of Cards #cards 12 size 40 Howl #buckets 4 coarsen threshold 1843 Howl Bitmap #cards 512 size 80 coarsen threshold 460 Card regions per heap region 1 cards per card region 2048
 CPUs: 8 total, 8 available
 Memory: 8022M
 Large Page Support: Disabled
 NUMA Support: Disabled
 Compressed Oops: Enabled (32-bit)
 Heap Region Size: 1M
 Heap Min Capacity: 8M
 Heap Initial Capacity: 126M
 Heap Max Capacity: 2006M
 Pre-touch: Disabled
 Parallel Workers: 8
 Concurrent Workers: 2
 Concurrent Refinement Workers: 8
 Periodic GC: Disabled
Heap:
 garbage-first heap   total 70656K, used 52627K [0x0000000082a00000, 0x0000000100000000)
  region size 1024K, 20 young (20480K), 4 survivors (4096K)
 Metaspace       used 76888K, committed 77632K, reserved 1179648K
  class space    used 10219K, committed 10560K, reserved 1048576K
GC Heap History (20 events):
Event: 8.076 GC heap before
{Heap before GC invocations=10 (full 0):
 garbage-first heap   total 58368K, used 43937K [0x0000000082a00000, 0x0000000100000000)
  region size 1024K, 23 young (23552K), 3 survivors (3072K)
 Metaspace       used 48958K, committed 49536K, reserved 1114112K
  class space    used 6219K, committed 6464K, reserved 1048576K
}
Event: 8.079 GC heap after
{Heap after GC invocations=11 (full 0):
 garbage-first heap   total 58368K, used 25133K [0x0000000082a00000, 0x0000000100000000)
  region size 1024K, 3 young (3072K), 3 survivors (3072K)
 Metaspace       used 48958K, committed 49536K, reserved 1114112K
  class space    used 6219K, committed 6464K, reserved 1048576K
}
Event: 8.520 GC heap before
{Heap before GC invocations=11 (full 0):
 garbage-first heap   total 58368K, used 43565K [0x0000000082a00000, 0x0000000100000000)
  region size 1024K, 22 young (22528K), 3 survivors (3072K)
 Metaspace       used 52231K, committed 52736K, reserved 1114112K
  class space    used 6595K, committed 6848K, reserved 1048576K
}
Event: 8.526 GC heap after
{Heap after GC invocations=12 (full 0):
 garbage-first heap   total 58368K, used 26038K [0x0000000082a00000, 0x0000000100000000)
  region size 1024K, 1 young (1024K), 1 survivors (1024K)
 Metaspace       used 52231K, committed 52736K, reserved 1114112K
  class space    used 6595K, committed 6848K, reserved 1048576K
}
Event: 8.940 GC heap before
{Heap before GC invocations=12 (full 0):
 garbage-first heap   total 58368K, used 44470K [0x0000000082a00000, 0x0000000100000000)
  region size 1024K, 20 young (20480K), 1 survivors (1024K)
 Metaspace       used 58191K, committed 58816K, reserved 1114112K
  class space    used 7591K, committed 7872K, reserved 1048576K
}
Event: 8.942 GC heap after
{Heap after GC invocations=13 (full 0):
 garbage-first heap   total 70656K, used 26683K [0x0000000082a00000, 0x0000000100000000)
  region size 1024K, 2 young (2048K), 2 survivors (2048K)
 Metaspace       used 58191K, committed 58816K, reserved 1114112K
  class space    used 7591K, committed 7872K, reserved 1048576K
}
Event: 9.025 GC heap before
{Heap before GC invocations=13 (full 0):
 garbage-first heap   total 70656K, used 30779K [0x0000000082a00000, 0x0000000100000000)
  region size 1024K, 7 young (7168K), 2 survivors (2048K)
 Metaspace       used 59596K, committed 60160K, reserved 1114112K
  class space    used 7798K, committed 8064K, reserved 1048576K
}
Event: 9.027 GC heap after
{Heap after GC invocations=14 (full 0):
 garbage-first heap   total 70656K, used 26952K [0x0000000082a00000, 0x0000000100000000)
  region size 1024K, 2 young (2048K), 2 survivors (2048K)
 Metaspace       used 59596K, committed 60160K, reserved 1114112K
  class space    used 7798K, committed 8064K, reserved 1048576K
}
Event: 9.749 GC heap before
{Heap before GC invocations=15 (full 0):
 garbage-first heap   total 70656K, used 54600K [0x0000000082a00000, 0x0000000100000000)
  region size 1024K, 30 young (30720K), 2 survivors (2048K)
 Metaspace       used 64022K, committed 64640K, reserved 1114112K
  class space    used 8426K, committed 8704K, reserved 1048576K
}
Event: 9.754 GC heap after
{Heap after GC invocations=16 (full 0):
 garbage-first heap   total 70656K, used 29174K [0x0000000082a00000, 0x0000000100000000)
  region size 1024K, 4 young (4096K), 4 survivors (4096K)
 Metaspace       used 64022K, committed 64640K, reserved 1114112K
  class space    used 8426K, committed 8704K, reserved 1048576K
}
Event: 10.462 GC heap before
{Heap before GC invocations=16 (full 0):
 garbage-first heap   total 70656K, used 54774K [0x0000000082a00000, 0x0000000100000000)
  region size 1024K, 30 young (30720K), 4 survivors (4096K)
 Metaspace       used 66760K, committed 67392K, reserved 1114112K
  class space    used 8830K, committed 9088K, reserved 1048576K
}
Event: 10.469 GC heap after
{Heap after GC invocations=17 (full 0):
 garbage-first heap   total 70656K, used 30905K [0x0000000082a00000, 0x0000000100000000)
  region size 1024K, 2 young (2048K), 2 survivors (2048K)
 Metaspace       used 66760K, committed 67392K, reserved 1114112K
  class space    used 8830K, committed 9088K, reserved 1048576K
}
Event: 10.931 GC heap before
{Heap before GC invocations=17 (full 0):
 garbage-first heap   total 70656K, used 56505K [0x0000000082a00000, 0x0000000100000000)
  region size 1024K, 27 young (27648K), 2 survivors (2048K)
 Metaspace       used 68119K, committed 68736K, reserved 1114112K
  class space    used 9000K, committed 9280K, reserved 1048576K
}
Event: 10.935 GC heap after
{Heap after GC invocations=18 (full 0):
 garbage-first heap   total 70656K, used 32077K [0x0000000082a00000, 0x0000000100000000)
  region size 1024K, 3 young (3072K), 3 survivors (3072K)
 Metaspace       used 68119K, committed 68736K, reserved 1114112K
  class space    used 9000K, committed 9280K, reserved 1048576K
}
Event: 11.381 GC heap before
{Heap before GC invocations=18 (full 0):
 garbage-first heap   total 70656K, used 56653K [0x0000000082a00000, 0x0000000100000000)
  region size 1024K, 27 young (27648K), 3 survivors (3072K)
 Metaspace       used 69515K, committed 70144K, reserved 1114112K
  class space    used 9221K, committed 9536K, reserved 1048576K
}
Event: 11.387 GC heap after
{Heap after GC invocations=19 (full 0):
 garbage-first heap   total 70656K, used 33877K [0x0000000082a00000, 0x0000000100000000)
  region size 1024K, 4 young (4096K), 4 survivors (4096K)
 Metaspace       used 69515K, committed 70144K, reserved 1114112K
  class space    used 9221K, committed 9536K, reserved 1048576K
}
Event: 11.959 GC heap before
{Heap before GC invocations=19 (full 0):
 garbage-first heap   total 70656K, used 56405K [0x0000000082a00000, 0x0000000100000000)
  region size 1024K, 26 young (26624K), 4 survivors (4096K)
 Metaspace       used 71013K, committed 71680K, reserved 1114112K
  class space    used 9432K, committed 9728K, reserved 1048576K
}
Event: 11.965 GC heap after
{Heap after GC invocations=20 (full 0):
 garbage-first heap   total 70656K, used 35660K [0x0000000082a00000, 0x0000000100000000)
  region size 1024K, 4 young (4096K), 4 survivors (4096K)
 Metaspace       used 71013K, committed 71680K, reserved 1114112K
  class space    used 9432K, committed 9728K, reserved 1048576K
}
Event: 12.480 GC heap before
{Heap before GC invocations=20 (full 0):
 garbage-first heap   total 70656K, used 57164K [0x0000000082a00000, 0x0000000100000000)
  region size 1024K, 25 young (25600K), 4 survivors (4096K)
 Metaspace       used 73427K, committed 74048K, reserved 1114112K
  class space    used 9757K, committed 10048K, reserved 1048576K
}
Event: 12.487 GC heap after
{Heap after GC invocations=21 (full 0):
 garbage-first heap   total 70656K, used 37267K [0x0000000082a00000, 0x0000000100000000)
  region size 1024K, 4 young (4096K), 4 survivors (4096K)
 Metaspace       used 73427K, committed 74048K, reserved 1114112K
  class space    used 9757K, committed 10048K, reserved 1048576K
}

